Start: Start: WorkingSetSize = 3600384
Inside loop:                    Inside loop:                    WorkingSetSize = 4268032
Inside loop:                    Inside loop:                    WorkingSetSize = 4325376
Inside loop:                    Inside loop:                    WorkingSetSize = 4325376
Inside loop:                    Inside loop:                    WorkingSetSize = 4325376
Inside loop:                    Inside loop:                    WorkingSetSize = 4325376
Inside loop:                    Inside loop:                    WorkingSetSize = 4325376
Inside loop:                    Inside loop:                    WorkingSetSize = 4325376
Inside loop:                    Inside loop:                    WorkingSetSize = 4325376
Inside loop:                    Inside loop:                    WorkingSetSize = 4325376
Inside loop:                    Inside loop:                    WorkingSetSize = 4325376
Inside loop:                    Inside loop:                    WorkingSetSize = 4325376
Inside loop:                    Inside loop:                    WorkingSetSize = 4325376
Inside loop:                    Inside loop:                    WorkingSetSize = 4325376
Inside loop:                    Inside loop:                    WorkingSetSize = 4325376
Inside loop:                    Inside loop:                    WorkingSetSize = 4325376
Inside loop:                    Inside loop:                    WorkingSetSize = 4325376
Inside loop:                    Inside loop:                    WorkingSetSize = 4325376
Inside loop:                    Inside loop:                    WorkingSetSize = 4325376
Inside loop:                    Inside loop:                    WorkingSetSize = 4325376
Inside loop:                    Inside loop:                    WorkingSetSize = 4325376
After loops:                    After loops:                    WorkingSetSize = 4329472
After no reset:                 After no reset:                 WorkingSetSize = 4329472
End: End: WorkingSetSize = 4329472
Start: Start: WorkingSetSize = 4329472
Inside loop:                    Inside loop:                    WorkingSetSize = 4268032
Inside loop:                    Inside loop:                    WorkingSetSize = 4325376
Inside loop:                    Inside loop:                    WorkingSetSize = 4325376
Inside loop:                    Inside loop:                    WorkingSetSize = 4325376
Inside loop:                    Inside loop:                    WorkingSetSize = 4325376
Inside loop:                    Inside loop:                    WorkingSetSize = 4325376
Inside loop:                    Inside loop:                    WorkingSetSize = 4325376
Inside loop:                    Inside loop:                    WorkingSetSize = 4325376
Inside loop:                    Inside loop:                    WorkingSetSize = 4325376
Inside loop:                    Inside loop:                    WorkingSetSize = 4325376
Inside loop:                    Inside loop:                    WorkingSetSize = 4325376
Inside loop:                    Inside loop:                    WorkingSetSize = 4325376
Inside loop:                    Inside loop:                    WorkingSetSize = 4325376
Inside loop:                    Inside loop:                    WorkingSetSize = 4325376
Inside loop:                    Inside loop:                    WorkingSetSize = 4325376
Inside loop:                    Inside loop:                    WorkingSetSize = 4325376
Inside loop:                    Inside loop:                    WorkingSetSize = 4325376
Inside loop:                    Inside loop:                    WorkingSetSize = 4325376
Inside loop:                    Inside loop:                    WorkingSetSize = 4325376
Inside loop:                    Inside loop:                    WorkingSetSize = 4325376
After loops:                    After loops:                    WorkingSetSize = 4329472
After no reset:                 After no reset:                 WorkingSetSize = 4329472
End: End: WorkingSetSize = 4329472
Start: Start: WorkingSetSize = 4329472
Before read:                    Before read:                    WorkingSetSize = 4329472
After read/befor loops:         After read/befor loops:         WorkingSetSize = 4329472
Inside loop:                    Inside loop:                    WorkingSetSize = 4329472
Inside loop:                    Inside loop:                    WorkingSetSize = 4329472
Inside loop:                    Inside loop:                    WorkingSetSize = 4329472
Inside loop:                    Inside loop:                    WorkingSetSize = 4329472
Inside loop:                    Inside loop:                    WorkingSetSize = 4329472
Inside loop:                    Inside loop:                    WorkingSetSize = 4329472
Inside loop:                    Inside loop:                    WorkingSetSize = 4329472
Inside loop:                    Inside loop:                    WorkingSetSize = 4329472
Inside loop:                    Inside loop:                    WorkingSetSize = 4329472
Inside loop:                    Inside loop:                    WorkingSetSize = 4329472
Inside loop:                    Inside loop:                    WorkingSetSize = 4329472
Inside loop:                    Inside loop:                    WorkingSetSize = 4329472
Inside loop:                    Inside loop:                    WorkingSetSize = 4329472
Inside loop:                    Inside loop:                    WorkingSetSize = 4329472
Inside loop:                    Inside loop:                    WorkingSetSize = 4284416
Inside loop:                    Inside loop:                    WorkingSetSize = 4284416
Inside loop:                    Inside loop:                    WorkingSetSize = 4284416
Inside loop:                    Inside loop:                    WorkingSetSize = 4284416
Inside loop:                    Inside loop:                    WorkingSetSize = 4284416
Inside loop:                    Inside loop:                    WorkingSetSize = 4284416
After loops:                    After loops:                    WorkingSetSize = 4284416
After no reset:                 After no reset:                 WorkingSetSize = 4284416
End: End: WorkingSetSize = 4284416
Start: Start: WorkingSetSize = 4284416
            WorkingSetSize = 4268032
            WorkingSetSize = 4325376
            WorkingSetSize = 4325376
            WorkingSetSize = 4325376
            WorkingSetSize = 4325376
            WorkingSetSize = 4325376
            WorkingSetSize = 4325376
            WorkingSetSize = 4325376
            WorkingSetSize = 4325376
            WorkingSetSize = 4325376
            WorkingSetSize = 4325376
            WorkingSetSize = 4325376
            WorkingSetSize = 4325376
            WorkingSetSize = 4325376
            WorkingSetSize = 4325376
            WorkingSetSize = 4325376
            WorkingSetSize = 4325376
            WorkingSetSize = 4325376
            WorkingSetSize = 4325376
            WorkingSetSize = 4325376
            WorkingSetSize = 4329472
            WorkingSetSize = 4329472
            WorkingSetSize = 4329472
            WorkingSetSize = 4329472
            WorkingSetSize = 4329472
            WorkingSetSize = 4329472
            WorkingSetSize = 4329472
            WorkingSetSize = 4329472
            WorkingSetSize = 4329472
            WorkingSetSize = 4329472
            WorkingSetSize = 4329472
            WorkingSetSize = 4329472
            WorkingSetSize = 4329472
            WorkingSetSize = 4329472
            WorkingSetSize = 4284416
            WorkingSetSize = 4284416
            WorkingSetSize = 4284416
            WorkingSetSize = 4284416
            WorkingSetSize = 4284416
            WorkingSetSize = 4284416
            WorkingSetSize = 4284416
            WorkingSetSize = 4284416
            WorkingSetSize = 4284416
            WorkingSetSize = 4284416
            WorkingSetSize = 4284416
            WorkingSetSize = 4284416
            WorkingSetSize = 4284416
            WorkingSetSize = 4284416
            WorkingSetSize = 4284416
            WorkingSetSize = 4284416
            WorkingSetSize = 4284416
            WorkingSetSize = 4284416
            WorkingSetSize = 4284416
            WorkingSetSize = 4284416
            WorkingSetSize = 4284416
            WorkingSetSize = 4284416
            WorkingSetSize = 4284416
            WorkingSetSize = 4284416
            WorkingSetSize = 4284416
            WorkingSetSize = 4284416
                    WorkingSetSize = 4329472
Inside loop:                    Inside loop:                    WorkingSetSize = 4329472
Inside loop:                    Inside loop:                    WorkingSetSize = 4329472
Inside loop:                    Inside loop:                    WorkingSetSize = 4329472
Inside loop:                    Inside loop:                    WorkingSetSize = 4329472
Inside loop:                    Inside loop:                    WorkingSetSize = 4329472
Inside loop:                    Inside loop:                    WorkingSetSize = 4329472
Inside loop:                    Inside loop:                    WorkingSetSize = 4329472
Inside loop:                    Inside loop:                    WorkingSetSize = 4329472
Inside loop:                    Inside loop:                    WorkingSetSize = 4329472
Inside loop:                    Inside loop:                    WorkingSetSize = 4329472
Inside loop:                    Inside loop:                    WorkingSetSize = 4329472
Inside loop:                    Inside loop:                    WorkingSetSize = 4329472
Inside loop:                    Inside loop:                    WorkingSetSize = 4329472
Inside loop:                    Inside loop:                    WorkingSetSize = 4284416
Inside loop:                    Inside loop:                    WorkingSetSize = 4284416
Inside loop:                    Inside loop:                    WorkingSetSize = 4284416
Inside loop:                    Inside loop:                    WorkingSetSize = 4284416
Inside loop:                    Inside loop:                    WorkingSetSize = 4284416
Inside loop:                    Inside loop:                    WorkingSetSize = 4284416
After loops:                    After loops:                    WorkingSetSize = 4284416
After no reset:                 After no reset:                 WorkingSetSize = 4284416
End: End: WorkingSetSize = 4284416
Start: Start: WorkingSetSize = 4284416
Before read:                    Before read:                    WorkingSetSize = 4284416
After read/befor loops:         After read/befor loops:         WorkingSetSize = 4284416
Inside loop:                    Inside loop:                    WorkingSetSize = 4284416
Inside loop:                    Inside loop:                    WorkingSetSize = 4284416
Inside loop:                    Inside loop:                    WorkingSetSize = 4284416
Inside loop:                    Inside loop:                    WorkingSetSize = 4284416
Inside loop:                    Inside loop:                    WorkingSetSize = 4284416
Inside loop:                    Inside loop:                    WorkingSetSize = 4284416
Inside loop:                    Inside loop:                    WorkingSetSize = 4284416
Inside loop:                    Inside loop:                    WorkingSetSize = 4284416
Inside loop:                    Inside loop:                    WorkingSetSize = 4284416
Inside loop:                    Inside loop:                    WorkingSetSize = 4284416
Inside loop:                    Inside loop:                    WorkingSetSize = 4284416
Inside loop:                    Inside loop:                    WorkingSetSize = 4284416
Inside loop:                    Inside loop:                    WorkingSetSize = 4284416
Inside loop:                    Inside loop:                    WorkingSetSize = 4284416
Inside loop:                    Inside loop:                    WorkingSetSize = 4284416
Inside loop:                    Inside loop:                    WorkingSetSize = 4284416
Inside loop:                    Inside loop:                    WorkingSetSize = 4284416
Inside loop:                    Inside loop:                    WorkingSetSize = 4284416
Inside loop:                    Inside loop:                    WorkingSetSize = 4284416
Inside loop:                    Inside loop:                    WorkingSetSize = 4284416
After loops:                    After loops:                    WorkingSetSize = 4284416
After no reset:                 After no reset:                 WorkingSetSize = 4284416
End: End: WorkingSetSize = 4284416
Start: Start: WorkingSetSize = 3596288
Inside loop:                    Inside loop:                    WorkingSetSize = 10653696
Inside loop:                    Inside loop:                    WorkingSetSize = 17154048
Inside loop:                    Inside loop:                    WorkingSetSize = 23375872
Inside loop:                    Inside loop:                    WorkingSetSize = 29585408
Inside loop:                    Inside loop:                    WorkingSetSize = 35909632
Inside loop:                    Inside loop:                    WorkingSetSize = 41852928
Inside loop:                    Inside loop:                    WorkingSetSize = 48201728
Inside loop:                    Inside loop:                    WorkingSetSize = 54280192
Inside loop:                    Inside loop:                    WorkingSetSize = 60256256
Inside loop:                    Inside loop:                    WorkingSetSize = 66617344
Inside loop:                    Inside loop:                    WorkingSetSize = 72523776
Inside loop:                    Inside loop:                    WorkingSetSize = 78872576
Inside loop:                    Inside loop:                    WorkingSetSize = 85094400
Inside loop:                    Inside loop:                    WorkingSetSize = 91144192
Inside loop:                    Inside loop:                    WorkingSetSize = 97357824
Inside loop:                    Inside loop:                    WorkingSetSize = 103911424
Inside loop:                    Inside loop:                    WorkingSetSize = 109895680
Inside loop:                    Inside loop:                    WorkingSetSize = 116183040
Inside loop:                    Inside loop:                    WorkingSetSize = 122130432
Inside loop:                    Inside loop:                    WorkingSetSize = 128516096
After loops:                    After loops:                    WorkingSetSize = 128520192
After no reset:                 After no reset:                 WorkingSetSize = 128520192
End: End: WorkingSetSize = 128528384
Start: Start: WorkingSetSize = 128528384
Inside loop:                    Inside loop:                    WorkingSetSize = 10653696
Inside loop:                    Inside loop:                    WorkingSetSize = 17154048
Inside loop:                    Inside loop:                    WorkingSetSize = 23375872
Inside loop:                    Inside loop:                    WorkingSetSize = 29585408
Inside loop:                    Inside loop:                    WorkingSetSize = 35909632
Inside loop:                    Inside loop:                    WorkingSetSize = 41852928
Inside loop:                    Inside loop:                    WorkingSetSize = 48201728
Inside loop:                    Inside loop:                    WorkingSetSize = 54280192
Inside loop:                    Inside loop:                    WorkingSetSize = 60256256
Inside loop:                    Inside loop:                    WorkingSetSize = 66617344
Inside loop:                    Inside loop:                    WorkingSetSize = 72523776
Inside loop:                    Inside loop:                    WorkingSetSize = 78872576
Inside loop:                    Inside loop:                    WorkingSetSize = 85094400
Inside loop:                    Inside loop:                    WorkingSetSize = 91144192
Inside loop:                    Inside loop:                    WorkingSetSize = 97357824
Inside loop:                    Inside loop:                    WorkingSetSize = 103911424
Inside loop:                    Inside loop:                    WorkingSetSize = 109895680
Inside loop:                    Inside loop:                    WorkingSetSize = 116183040
Inside loop:                    Inside loop:                    WorkingSetSize = 122130432
Inside loop:                    Inside loop:                    WorkingSetSize = 128516096
After loops:                    After loops:                    WorkingSetSize = 128520192
After no reset:                 After no reset:                 WorkingSetSize = 128520192
End: End: WorkingSetSize = 128528384
Start: Start: WorkingSetSize = 128528384
Before read:                    Before read:                    WorkingSetSize = 128528384
After read/befor loops:         After read/befor loops:         WorkingSetSize = 128528384
Inside loop:                    Inside loop:                    WorkingSetSize = 134676480
Inside loop:                    Inside loop:                    WorkingSetSize = 140623872
Inside loop:                    Inside loop:                    WorkingSetSize = 146907136
Inside loop:                    Inside loop:                    WorkingSetSize = 153088000
Inside loop:                    Inside loop:                    WorkingSetSize = 159170560
Inside loop:                    Inside loop:                    WorkingSetSize = 165388288
Inside loop:                    Inside loop:                    WorkingSetSize = 171442176
Inside loop:                    Inside loop:                    WorkingSetSize = 177664000
Inside loop:                    Inside loop:                    WorkingSetSize = 184008704
Inside loop:                    Inside loop:                    WorkingSetSize = 189988864
Inside loop:                    Inside loop:                    WorkingSetSize = 196472832
Inside loop:                    Inside loop:                    WorkingSetSize = 202682368
Inside loop:                    Inside loop:                    WorkingSetSize = 208809984
Inside loop:                    Inside loop:                    WorkingSetSize = 214953984
Inside loop:                    Inside loop:                    WorkingSetSize = 221036544
Inside loop:                    Inside loop:                    WorkingSetSize = 227295232
Inside loop:                    Inside loop:                    WorkingSetSize = 233435136
Inside loop:                    Inside loop:                    WorkingSetSize = 239403008
Inside loop:                    Inside loop:                    WorkingSetSize = 245661696
Inside loop:                    Inside loop:                    WorkingSetSize = 252006400
After loops:                    After loops:                    WorkingSetSize = 252006400
After no reset:                 After no reset:                 WorkingSetSize = 252006400
End: End: WorkingSetSize = 252006400
Start: Start: WorkingSetSize = 252006400
            WorkingSetSize = 10653696
            WorkingSetSize = 17154048
            WorkingSetSize = 23375872
            WorkingSetSize = 29585408
            WorkingSetSize = 35909632
            WorkingSetSize = 41852928
            WorkingSetSize = 48201728
            WorkingSetSize = 54280192
            WorkingSetSize = 60256256
            WorkingSetSize = 66617344
            WorkingSetSize = 72523776
            WorkingSetSize = 78872576
            WorkingSetSize = 85094400
            WorkingSetSize = 91144192
            WorkingSetSize = 97357824
            WorkingSetSize = 103911424
            WorkingSetSize = 109895680
            WorkingSetSize = 116183040
            WorkingSetSize = 122130432
            WorkingSetSize = 128516096
            WorkingSetSize = 134676480
            WorkingSetSize = 140623872
            WorkingSetSize = 146907136
            WorkingSetSize = 153088000
            WorkingSetSize = 159170560
            WorkingSetSize = 165388288
            WorkingSetSize = 171442176
            WorkingSetSize = 177664000
            WorkingSetSize = 184008704
            WorkingSetSize = 189988864
            WorkingSetSize = 196472832
            WorkingSetSize = 202682368
            WorkingSetSize = 208809984
            WorkingSetSize = 214953984
            WorkingSetSize = 221036544
            WorkingSetSize = 227295232
            WorkingSetSize = 233435136
            WorkingSetSize = 239403008
            WorkingSetSize = 245661696
            WorkingSetSize = 252006400
            WorkingSetSize = 257892352
            WorkingSetSize = 264278016
            WorkingSetSize = 270225408
            WorkingSetSize = 276504576
            WorkingSetSize = 282750976
            WorkingSetSize = 289038336
            WorkingSetSize = 295182336
            WorkingSetSize = 301568000
            WorkingSetSize = 307523584
            WorkingSetSize = 313737216
            WorkingSetSize = 319787008
            WorkingSetSize = 325996544
            WorkingSetSize = 332275712
            WorkingSetSize = 338190336
            WorkingSetSize = 344539136
            WorkingSetSize = 350756864
            WorkingSetSize = 356806656
            WorkingSetSize = 363024384
            WorkingSetSize = 369111040
            WorkingSetSize = 375250944
            Inside loop:                    WorkingSetSize = 140623872
Inside loop:                    Inside loop:                    WorkingSetSize = 146907136
Inside loop:                    Inside loop:                    WorkingSetSize = 153088000
Inside loop:                    Inside loop:                    WorkingSetSize = 159170560
Inside loop:                    Inside loop:                    WorkingSetSize = 165388288
Inside loop:                    Inside loop:                    WorkingSetSize = 171442176
Inside loop:                    Inside loop:                    WorkingSetSize = 177664000
Inside loop:                    Inside loop:                    WorkingSetSize = 184008704
Inside loop:                    Inside loop:                    WorkingSetSize = 189988864
Inside loop:                    Inside loop:                    WorkingSetSize = 196472832
Inside loop:                    Inside loop:                    WorkingSetSize = 202682368
Inside loop:                    Inside loop:                    WorkingSetSize = 208809984
Inside loop:                    Inside loop:                    WorkingSetSize = 214953984
Inside loop:                    Inside loop:                    WorkingSetSize = 221036544
Inside loop:                    Inside loop:                    WorkingSetSize = 227295232
Inside loop:                    Inside loop:                    WorkingSetSize = 233435136
Inside loop:                    Inside loop:                    WorkingSetSize = 239403008
Inside loop:                    Inside loop:                    WorkingSetSize = 245661696
Inside loop:                    Inside loop:                    WorkingSetSize = 252006400
After loops:                    After loops:                    WorkingSetSize = 252006400
After no reset:                 After no reset:                 WorkingSetSize = 252006400
End: End: WorkingSetSize = 252006400
Start: Start: WorkingSetSize = 252006400
Before read:                    Before read:                    WorkingSetSize = 252006400
After read/befor loops:         After read/befor loops:         WorkingSetSize = 252006400
Inside loop:                    Inside loop:                    WorkingSetSize = 257892352
Inside loop:                    Inside loop:                    WorkingSetSize = 264278016
Inside loop:                    Inside loop:                    WorkingSetSize = 270225408
Inside loop:                    Inside loop:                    WorkingSetSize = 276504576
Inside loop:                    Inside loop:                    WorkingSetSize = 282750976
Inside loop:                    Inside loop:                    WorkingSetSize = 289038336
Inside loop:                    Inside loop:                    WorkingSetSize = 295182336
Inside loop:                    Inside loop:                    WorkingSetSize = 301568000
Inside loop:                    Inside loop:                    WorkingSetSize = 307523584
Inside loop:                    Inside loop:                    WorkingSetSize = 313737216
Inside loop:                    Inside loop:                    WorkingSetSize = 319787008
Inside loop:                    Inside loop:                    WorkingSetSize = 325996544
Inside loop:                    Inside loop:                    WorkingSetSize = 332275712
Inside loop:                    Inside loop:                    WorkingSetSize = 338190336
Inside loop:                    Inside loop:                    WorkingSetSize = 344539136
Inside loop:                    Inside loop:                    WorkingSetSize = 350756864
Inside loop:                    Inside loop:                    WorkingSetSize = 356806656
Inside loop:                    Inside loop:                    WorkingSetSize = 363024384
Inside loop:                    Inside loop:                    WorkingSetSize = 369111040
Inside loop:                    Inside loop:                    WorkingSetSize = 375250944
After loops:                    After loops:                    WorkingSetSize = 375287808
After no reset:                 After no reset:                 WorkingSetSize = 375287808
End: End: WorkingSetSize = 375287808
Start: Start: WorkingSetSize = 3596288
Inside loop:                    Inside loop:                    WorkingSetSize = 10641408
Inside loop:                    Inside loop:                    WorkingSetSize = 17141760
Inside loop:                    Inside loop:                    WorkingSetSize = 23363584
Inside loop:                    Inside loop:                    WorkingSetSize = 29573120
Inside loop:                    Inside loop:                    WorkingSetSize = 35897344
Inside loop:                    Inside loop:                    WorkingSetSize = 41840640
Inside loop:                    Inside loop:                    WorkingSetSize = 48189440
Inside loop:                    Inside loop:                    WorkingSetSize = 54267904
Inside loop:                    Inside loop:                    WorkingSetSize = 60243968
Inside loop:                    Inside loop:                    WorkingSetSize = 66605056
Inside loop:                    Inside loop:                    WorkingSetSize = 72511488
Inside loop:                    Inside loop:                    WorkingSetSize = 78860288
Inside loop:                    Inside loop:                    WorkingSetSize = 85082112
Inside loop:                    Inside loop:                    WorkingSetSize = 91131904
Inside loop:                    Inside loop:                    WorkingSetSize = 97345536
Inside loop:                    Inside loop:                    WorkingSetSize = 103899136
Inside loop:                    Inside loop:                    WorkingSetSize = 109883392
Inside loop:                    Inside loop:                    WorkingSetSize = 116170752
Inside loop:                    Inside loop:                    WorkingSetSize = 122118144
Inside loop:                    Inside loop:                    WorkingSetSize = 128503808
After loops:                    After loops:                    WorkingSetSize = 128507904
After no reset:                 After no reset:                 WorkingSetSize = 128507904
End: End: WorkingSetSize = 128507904
Start: Start: WorkingSetSize = 128507904
Inside loop:                    Inside loop:                    WorkingSetSize = 10641408
Inside loop:                    Inside loop:                    WorkingSetSize = 17141760
Inside loop:                    Inside loop:                    WorkingSetSize = 23363584
Inside loop:                    Inside loop:                    WorkingSetSize = 29573120
Inside loop:                    Inside loop:                    WorkingSetSize = 35897344
Inside loop:                    Inside loop:                    WorkingSetSize = 41840640
Inside loop:                    Inside loop:                    WorkingSetSize = 48189440
Inside loop:                    Inside loop:                    WorkingSetSize = 54267904
Inside loop:                    Inside loop:                    WorkingSetSize = 60243968
Inside loop:                    Inside loop:                    WorkingSetSize = 66605056
Inside loop:                    Inside loop:                    WorkingSetSize = 72511488
Inside loop:                    Inside loop:                    WorkingSetSize = 78860288
Inside loop:                    Inside loop:                    WorkingSetSize = 85082112
Inside loop:                    Inside loop:                    WorkingSetSize = 91131904
Inside loop:                    Inside loop:                    WorkingSetSize = 97345536
Inside loop:                    Inside loop:                    WorkingSetSize = 103899136
Inside loop:                    Inside loop:                    WorkingSetSize = 109883392
Inside loop:                    Inside loop:                    WorkingSetSize = 116170752
Inside loop:                    Inside loop:                    WorkingSetSize = 122118144
Inside loop:                    Inside loop:                    WorkingSetSize = 128503808
After loops:                    After loops:                    WorkingSetSize = 128507904
After no reset:                 After no reset:                 WorkingSetSize = 128507904
End: End: WorkingSetSize = 128507904
Start: Start: WorkingSetSize = 128507904
Before read:                    Before read:                    WorkingSetSize = 128507904
After read/befor loops:         After read/befor loops:         WorkingSetSize = 128507904
Inside loop:                    Inside loop:                    WorkingSetSize = 134656000
Inside loop:                    Inside loop:                    WorkingSetSize = 140603392
Inside loop:                    Inside loop:                    WorkingSetSize = 146886656
Inside loop:                    Inside loop:                    WorkingSetSize = 153067520
Inside loop:                    Inside loop:                    WorkingSetSize = 159150080
Inside loop:                    Inside loop:                    WorkingSetSize = 165367808
Inside loop:                    Inside loop:                    WorkingSetSize = 171421696
Inside loop:                    Inside loop:                    WorkingSetSize = 177643520
Inside loop:                    Inside loop:                    WorkingSetSize = 183988224
Inside loop:                    Inside loop:                    WorkingSetSize = 189968384
Inside loop:                    Inside loop:                    WorkingSetSize = 196452352
Inside loop:                    Inside loop:                    WorkingSetSize = 202661888
Inside loop:                    Inside loop:                    WorkingSetSize = 208789504
Inside loop:                    Inside loop:                    WorkingSetSize = 214933504
Inside loop:                    Inside loop:                    WorkingSetSize = 221016064
Inside loop:                    Inside loop:                    WorkingSetSize = 227274752
Inside loop:                    Inside loop:                    WorkingSetSize = 233414656
Inside loop:                    Inside loop:                    WorkingSetSize = 239382528
Inside loop:                    Inside loop:                    WorkingSetSize = 245641216
Inside loop:                    Inside loop:                    WorkingSetSize = 251985920
After loops:                    After loops:                    WorkingSetSize = 251985920
After no reset:                 After no reset:                 WorkingSetSize = 251985920
End: End: WorkingSetSize = 251985920
Start: Start: WorkingSetSize = 251985920
Inside loop:                    Inside loop:                    WorkingSetSize = 10641408
Inside loop:                    Inside loop:                    WorkingSetSize = 17141760
Inside loop:                    Inside loop:                    WorkingSetSize = 23363584
Inside loop:                    Inside loop:                    WorkingSetSize = 29573120
Inside loop:                    Inside loop:                    WorkingSetSize = 35897344
Inside loop:                    Inside loop:                    WorkingSetSize = 41840640
Inside loop:                    Inside loop:                    WorkingSetSize = 48189440
Inside loop:                    Inside loop:                    WorkingSetSize = 54267904
Inside loop:                    Inside loop:                    WorkingSetSize = 60243968
Inside loop:                    Inside loop:                    WorkingSetSize = 66605056
Inside loop:                    Inside loop:                    WorkingSetSize = 72511488
Inside loop:                    Inside loop:                    WorkingSetSize = 78860288
Inside loop:                    Inside loop:                    WorkingSetSize = 85082112
Inside loop:                    Inside loop:                    WorkingSetSize = 91131904
Inside loop:                    Inside loop:                    WorkingSetSize = 97345536
Inside loop:                    Inside loop:                    WorkingSetSize = 103899136
Inside loop:                    Inside loop:                    WorkingSetSize = 109883392
Inside loop:                    Inside loop:                    WorkingSetSize = 116170752
Inside loop:                    Inside loop:                    WorkingSetSize = 122118144
Inside loop:                    Inside loop:                    WorkingSetSize = 128503808
After loops:                    After loops:                    WorkingSetSize = 128507904
After no reset:                 After no reset:                 WorkingSetSize = 128507904
End: End: WorkingSetSize = 128507904
Start: Start: WorkingSetSize = 128507904
Before read:                    Before read:                    WorkingSetSize = 128507904
After read/befor loops:         After read/befor loops:         WorkingSetSize = 128507904
Inside loop:                    Inside loop:                    WorkingSetSize = 134656000
Inside loop:                    Inside loop:                    WorkingSetSize = 140603392
Inside loop:                    Inside loop:                    WorkingSetSize = 146886656
Inside loop:                    Inside loop:                    WorkingSetSize = 153067520
Inside loop:                    Inside loop:                    WorkingSetSize = 159150080
Inside loop:                    Inside loop:                    WorkingSetSize = 165367808
Inside loop:                    Inside loop:                    WorkingSetSize = 171421696
Inside loop:                    Inside loop:                    WorkingSetSize = 177643520
Inside loop:                    Inside loop:                    WorkingSetSize = 183988224
Inside loop:                    Inside loop:                    WorkingSetSize = 189968384
Inside loop:                    Inside loop:                    WorkingSetSize = 196452352
Inside loop:                    Inside loop:                    WorkingSetSize = 202661888
Inside loop:                    Inside loop:                    WorkingSetSize = 208789504
Inside loop:                    Inside loop:                    WorkingSetSize = 214933504
Inside loop:                    Inside loop:                    WorkingSetSize = 221016064
Inside loop:                    Inside loop:                    WorkingSetSize = 227274752
Inside loop:                    Inside loop:                    WorkingSetSize = 233414656
Inside loop:                    Inside loop:                    WorkingSetSize = 239382528
Inside loop:                    Inside loop:                    WorkingSetSize = 245641216
Inside loop:                    Inside loop:                    WorkingSetSize = 251985920
After loops:                    After loops:                    WorkingSetSize = 251985920
After no reset:                 After no reset:                 WorkingSetSize = 251985920
End: End: WorkingSetSize = 251985920
Start: Start: WorkingSetSize = 251985920
Before read:                    Before read:                    WorkingSetSize = 251985920
After read/befor loops:         After read/befor loops:         WorkingSetSize = 251985920
Inside loop:                    Inside loop:                    WorkingSetSize = 257871872
Inside loop:                    Inside loop:                    WorkingSetSize = 264257536
Inside loop:                    Inside loop:                    WorkingSetSize = 270204928
Inside loop:                    Inside loop:                    WorkingSetSize = 276484096
Inside loop:                    Inside loop:                    WorkingSetSize = 282730496
Inside loop:                    Inside loop:                    WorkingSetSize = 289017856
Inside loop:                    Inside loop:                    WorkingSetSize = 295161856
Inside loop:                    Inside loop:                    WorkingSetSize = 301547520
Inside loop:                    Inside loop:                    WorkingSetSize = 307503104
Inside loop:                    Inside loop:                    WorkingSetSize = 313716736
Inside loop:                    Inside loop:                    WorkingSetSize = 319766528
Start: Start: WorkingSetSize = 3596288
            WorkingSetSize = 4268032
            WorkingSetSize = 4325376
            WorkingSetSize = 4325376
            WorkingSetSize = 4325376
            WorkingSetSize = 4325376
            WorkingSetSize = 4325376
            WorkingSetSize = 4325376
            WorkingSetSize = 4325376
            WorkingSetSize = 4325376
            WorkingSetSize = 4325376
            WorkingSetSize = 4325376
            WorkingSetSize = 4325376
            WorkingSetSize = 4325376
                    WorkingSetSize = 4325376
Inside loop:                    Inside loop:                    WorkingSetSize = 4325376
Inside loop:                    Inside loop:                    WorkingSetSize = 4325376
Inside loop:                    Inside loop:                    WorkingSetSize = 4325376
Inside loop:                    Inside loop:                    WorkingSetSize = 4325376
Inside loop:                    Inside loop:                    WorkingSetSize = 4325376
Inside loop:                    Inside loop:                    WorkingSetSize = 4325376
Inside loop:                    Inside loop:                    WorkingSetSize = 4325376
Start: Start: WorkingSetSize = 3571712
            WorkingSetSize = 8691712
            WorkingSetSize = 13189120
            WorkingSetSize = 17453056
            WorkingSetSize = 21856256
            WorkingSetSize = 25993216
            WorkingSetSize = 30298112
            WorkingSetSize = 34394112
            WorkingSetSize = 38404096
            WorkingSetSize = 42807296
            WorkingSetSize = 46870528
            WorkingSetSize = 51253248
            WorkingSetSize = 55369728
            WorkingSetSize = 59940864
            WorkingSetSize = 63909888
            WorkingSetSize = 68255744
            WorkingSetSize = 72327168
            WorkingSetSize = 76468224
      Inside loop:                    WorkingSetSize = 38404096
Inside loop:                    Inside loop:                    WorkingSetSize = 42807296
Inside loop:                    Inside loop:                    WorkingSetSize = 46870528
Inside loop:                    Inside loop:                    WorkingSetSize = 51253248
Inside loop:                    Inside loop:                    WorkingSetSize = 55369728
Inside loop:                    Inside loop:                    WorkingSetSize = 59940864
Inside loop:                    Inside loop:                    WorkingSetSize = 63909888
Inside loop:                    Inside loop:                    WorkingSetSize = 68255744
Inside loop:                    Inside loop:                    WorkingSetSize = 72327168
Inside loop:                    Inside loop:                    WorkingSetSize = 76468224
Start: Start: WorkingSetSize = 3604480
Inside loop:                    Inside loop:                    WorkingSetSize = 10645504
Inside loop:                    Inside loop:                    WorkingSetSize = 17149952
Inside loop:                    Inside loop:                    WorkingSetSize = 23371776
Inside loop:                    Inside loop:                    WorkingSetSize = 29581312
Inside loop:                    Inside loop:                    WorkingSetSize = 35905536
Inside loop:                    Inside loop:                    WorkingSetSize = 41848832
Inside loop:                    Inside loop:                    WorkingSetSize = 48197632
Inside loop:                    Inside loop:                    WorkingSetSize = 54276096
Inside loop:                    Inside loop:                    WorkingSetSize = 60252160
Inside loop:                    Inside loop:                    WorkingSetSize = 66613248
Inside loop:                    Inside loop:                    WorkingSetSize = 72519680
Inside loop:                    Inside loop:                    WorkingSetSize = 78868480
Inside loop:                    Inside loop:                    WorkingSetSize = 85090304
Inside loop:                    Inside loop:                    WorkingSetSize = 91140096
Inside loop:                    Inside loop:                    WorkingSetSize = 97353728
Inside loop:                    Inside loop:                    WorkingSetSize = 103907328
Inside loop:                    Inside loop:                    WorkingSetSize = 109891584
Inside loop:                    Inside loop:                    WorkingSetSize = 116178944
Inside loop:                    Inside loop:                    WorkingSetSize = 122126336
Inside loop:                    Inside loop:                    WorkingSetSize = 128512000
After loops:                    After loops:                    WorkingSetSize = 128516096
After no reset:                 After no reset:                 WorkingSetSize = 128516096
End: End: WorkingSetSize = 128516096
Start: Start: WorkingSetSize = 128516096
            WorkingSetSize = 10645504
            WorkingSetSize = 17149952
            WorkingSetSize = 23371776
            WorkingSetSize = 29581312
            WorkingSetSize = 35905536
            WorkingSetSize = 41848832
            WorkingSetSize = 48197632
            WorkingSetSize = 54276096
            WorkingSetSize = 60252160
            WorkingSetSize = 66613248
            WorkingSetSize = 72519680
            WorkingSetSize = 78868480
            WorkingSetSize = 85090304
            WorkingSetSize = 91140096
            WorkingSetSize = 97353728
            WorkingSetSize = 103907328
            WorkingSetSize = 109891584
            WorkingSetSize = 116178944
            WorkingSetSize = 122126336
            WorkingSetSize = 128512000
            WorkingSetSize = 134664192
            WorkingSetSize = 140611584
            WorkingSetSize = 146894848
            WorkingSetSize = 153075712
            WorkingSetSize = 159158272
            WorkingSetSize = 165376000
            WorkingSetSize = 171429888
            WorkingSetSize = 177651712
            WorkingSetSize = 183996416
            WorkingSetSize = 189976576
            WorkingSetSize = 196460544
            WorkingSetSize = 202670080
            WorkingSetSize = 208797696
            WorkingSetSize = 214941696
            WorkingSetSize = 221024256
            WorkingSetSize = 227282944
            WorkingSetSize = 233422848
            WorkingSetSize = 239435776
            WorkingSetSize = 245694464
            WorkingSetSize = 252039168
de loop:                    WorkingSetSize = 116178944
Inside loop:                    Inside loop:                    WorkingSetSize = 122126336
Inside loop:                    Inside loop:                    WorkingSetSize = 128512000
After loops:                    After loops:                    WorkingSetSize = 128516096
After no reset:                 After no reset:                 WorkingSetSize = 128516096
End: End: WorkingSetSize = 128516096
Start: Start: WorkingSetSize = 128516096
Before read:                    Before read:                    WorkingSetSize = 128516096
After read/befor loops:         After read/befor loops:         WorkingSetSize = 128516096
Inside loop:                    Inside loop:                    WorkingSetSize = 134664192
Inside loop:                    Inside loop:                    WorkingSetSize = 140611584
Inside loop:                    Inside loop:                    WorkingSetSize = 146894848
Inside loop:                    Inside loop:                    WorkingSetSize = 153075712
Inside loop:                    Inside loop:                    WorkingSetSize = 159158272
Inside loop:                    Inside loop:                    WorkingSetSize = 165376000
Inside loop:                    Inside loop:                    WorkingSetSize = 171429888
Inside loop:                    Inside loop:                    WorkingSetSize = 177651712
Inside loop:                    Inside loop:                    WorkingSetSize = 183996416
Inside loop:                    Inside loop:                    WorkingSetSize = 189976576
Inside loop:                    Inside loop:                    WorkingSetSize = 196460544
Inside loop:                    Inside loop:                    WorkingSetSize = 202670080
Inside loop:                    Inside loop:                    WorkingSetSize = 208797696
Inside loop:                    Inside loop:                    WorkingSetSize = 214941696
Inside loop:                    Inside loop:                    WorkingSetSize = 221024256
Inside loop:                    Inside loop:                    WorkingSetSize = 227282944
Inside loop:                    Inside loop:                    WorkingSetSize = 233422848
Inside loop:                    Inside loop:                    WorkingSetSize = 239435776
Inside loop:                    Inside loop:                    WorkingSetSize = 245694464
Inside loop:                    Inside loop:                    WorkingSetSize = 252039168
After loops:                    After loops:                    WorkingSetSize = 252039168
After no reset:                 After no reset:                 WorkingSetSize = 252039168
Start: Start: WorkingSetSize = 3600384
Inside loop:                    Inside loop:                    WorkingSetSize = 4284416
Inside loop:                    Inside loop:                    WorkingSetSize = 4341760
Inside loop:                    Inside loop:                    WorkingSetSize = 4341760
Inside loop:                    Inside loop:                    WorkingSetSize = 4341760
Inside loop:                    Inside loop:                    WorkingSetSize = 4341760
Inside loop:                    Inside loop:                    WorkingSetSize = 4341760
Inside loop:                    Inside loop:                    WorkingSetSize = 4341760
Inside loop:                    Inside loop:                    WorkingSetSize = 4341760
Inside loop:                    Inside loop:                    WorkingSetSize = 4341760
Inside loop:                    Inside loop:                    WorkingSetSize = 4341760
Inside loop:                    Inside loop:                    WorkingSetSize = 4341760
Inside loop:                    Inside loop:                    WorkingSetSize = 4341760
Inside loop:                    Inside loop:                    WorkingSetSize = 4341760
Inside loop:                    Inside loop:                    WorkingSetSize = 4341760
Inside loop:                    Inside loop:                    WorkingSetSize = 4341760
Inside loop:                    Inside loop:                    WorkingSetSize = 4341760
Inside loop:                    Inside loop:                    WorkingSetSize = 4345856
Inside loop:                    Inside loop:                    WorkingSetSize = 4345856
Inside loop:                    Inside loop:                    WorkingSetSize = 4345856
Inside loop:                    Inside loop:                    WorkingSetSize = 4345856
After loops:                    After loops:                    WorkingSetSize = 4349952
After no reset:                 After no reset:                 WorkingSetSize = 4349952
End: End: WorkingSetSize = 4358144
Start: Start: WorkingSetSize = 4358144
Inside loop:                    Inside loop:                    WorkingSetSize = 4284416
Inside loop:                    Inside loop:                    WorkingSetSize = 4341760
Inside loop:                    Inside loop:                    WorkingSetSize = 4341760
Inside loop:                    Inside loop:                    WorkingSetSize = 4341760
Inside loop:                    Inside loop:                    WorkingSetSize = 4341760
Inside loop:                    Inside loop:                    WorkingSetSize = 4341760
Inside loop:                    Inside loop:                    WorkingSetSize = 4341760
Inside loop:                    Inside loop:                    WorkingSetSize = 4341760
Inside loop:                    Inside loop:                    WorkingSetSize = 4341760
Inside loop:                    Inside loop:                    WorkingSetSize = 4341760
Inside loop:                    Inside loop:                    WorkingSetSize = 4341760
Inside loop:                    Inside loop:                    WorkingSetSize = 4341760
Inside loop:                    Inside loop:                    WorkingSetSize = 4341760
Inside loop:                    Inside loop:                    WorkingSetSize = 4341760
Inside loop:                    Inside loop:                    WorkingSetSize = 4341760
Inside loop:                    Inside loop:                    WorkingSetSize = 4341760
Inside loop:                    Inside loop:                    WorkingSetSize = 4345856
Inside loop:                    Inside loop:                    WorkingSetSize = 4345856
Inside loop:                    Inside loop:                    WorkingSetSize = 4345856
Inside loop:                    Inside loop:                    WorkingSetSize = 4345856
After loops:                    After loops:                    WorkingSetSize = 4349952
After no reset:                 After no reset:                 WorkingSetSize = 4349952
End: End: WorkingSetSize = 4358144
Start: Start: WorkingSetSize = 4358144
Before read:                    Before read:                    WorkingSetSize = 4358144
After read/befor loops:         After read/befor loops:         WorkingSetSize = 4358144
Inside loop:                    Inside loop:                    WorkingSetSize = 4358144
Inside loop:                    Inside loop:                    WorkingSetSize = 4358144
Inside loop:                    Inside loop:                    WorkingSetSize = 4358144
Inside loop:                    Inside loop:                    WorkingSetSize = 4358144
Inside loop:                    Inside loop:                    WorkingSetSize = 4358144
Inside loop:                    Inside loop:                    WorkingSetSize = 4358144
Inside loop:                    Inside loop:                    WorkingSetSize = 4358144
Inside loop:                    Inside loop:                    WorkingSetSize = 4358144
Inside loop:                    Inside loop:                    WorkingSetSize = 4358144
Inside loop:                    Inside loop:                    WorkingSetSize = 4358144
Inside loop:                    Inside loop:                    WorkingSetSize = 4358144
Inside loop:                    Inside loop:                    WorkingSetSize = 4358144
Inside loop:                    Inside loop:                    WorkingSetSize = 4358144
Inside loop:                    Inside loop:                    WorkingSetSize = 4358144
Inside loop:                    Inside loop:                    WorkingSetSize = 4358144
Inside loop:                    Inside loop:                    WorkingSetSize = 4358144
Inside loop:                    Inside loop:                    WorkingSetSize = 4358144
Inside loop:                    Inside loop:                    WorkingSetSize = 4358144
Inside loop:                    Inside loop:                    WorkingSetSize = 4358144
Inside loop:                    Inside loop:                    WorkingSetSize = 4358144
After loops:                    After loops:                    WorkingSetSize = 4358144
After no reset:                 After no reset:                 WorkingSetSize = 4313088
End: End: WorkingSetSize = 4313088
Start: Start: WorkingSetSize = 4313088
            WorkingSetSize = 4284416
            WorkingSetSize = 4341760
            WorkingSetSize = 4341760
            WorkingSetSize = 4341760
            WorkingSetSize = 4341760
            WorkingSetSize = 4341760
            WorkingSetSize = 4341760
            WorkingSetSize = 4341760
            WorkingSetSize = 4341760
            WorkingSetSize = 4341760
            WorkingSetSize = 4341760
            WorkingSetSize = 4341760
            WorkingSetSize = 4341760
            WorkingSetSize = 4341760
            WorkingSetSize = 4341760
            WorkingSetSize = 4341760
            WorkingSetSize = 4345856
            WorkingSetSize = 4345856
            WorkingSetSize = 4345856
            WorkingSetSize = 4345856
            WorkingSetSize = 4358144
            WorkingSetSize = 4358144
            WorkingSetSize = 4358144
            WorkingSetSize = 4358144
            WorkingSetSize = 4358144
            WorkingSetSize = 4358144
            WorkingSetSize = 4358144
            WorkingSetSize = 4358144
            WorkingSetSize = 4358144
            WorkingSetSize = 4358144
            WorkingSetSize = 4358144
            WorkingSetSize = 4358144
            WorkingSetSize = 4358144
            WorkingSetSize = 4358144
            WorkingSetSize = 4358144
            WorkingSetSize = 4358144
            WorkingSetSize = 4358144
            WorkingSetSize = 4358144
            WorkingSetSize = 4358144
            WorkingSetSize = 4358144
            WorkingSetSize = 4313088
            WorkingSetSize = 4313088
            WorkingSetSize = 4313088
            WorkingSetSize = 4313088
            WorkingSetSize = 4313088
            WorkingSetSize = 4313088
            WorkingSetSize = 4313088
            WorkingSetSize = 4313088
            WorkingSetSize = 4313088
            WorkingSetSize = 4313088
            WorkingSetSize = 4313088
            WorkingSetSize = 4313088
            WorkingSetSize = 4313088
            WorkingSetSize = 4313088
            WorkingSetSize = 4313088
            WorkingSetSize = 4313088
            WorkingSetSize = 4313088
            WorkingSetSize = 4313088
            WorkingSetSize = 4313088
            WorkingSetSize = 4313088
                    WorkingSetSize = 4358144
Inside loop:                    Inside loop:                    WorkingSetSize = 4358144
Inside loop:                    Inside loop:                    WorkingSetSize = 4358144
Inside loop:                    Inside loop:                    WorkingSetSize = 4358144
Inside loop:                    Inside loop:                    WorkingSetSize = 4358144
Inside loop:                    Inside loop:                    WorkingSetSize = 4358144
Inside loop:                    Inside loop:                    WorkingSetSize = 4358144
Inside loop:                    Inside loop:                    WorkingSetSize = 4358144
Inside loop:                    Inside loop:                    WorkingSetSize = 4358144
Inside loop:                    Inside loop:                    WorkingSetSize = 4358144
Inside loop:                    Inside loop:                    WorkingSetSize = 4358144
Inside loop:                    Inside loop:                    WorkingSetSize = 4358144
Inside loop:                    Inside loop:                    WorkingSetSize = 4358144
Inside loop:                    Inside loop:                    WorkingSetSize = 4358144
Inside loop:                    Inside loop:                    WorkingSetSize = 4358144
Inside loop:                    Inside loop:                    WorkingSetSize = 4358144
Inside loop:                    Inside loop:                    WorkingSetSize = 4358144
Inside loop:                    Inside loop:                    WorkingSetSize = 4358144
Inside loop:                    Inside loop:                    WorkingSetSize = 4358144
Inside loop:                    Inside loop:                    WorkingSetSize = 4358144
After loops:                    After loops:                    WorkingSetSize = 4358144
After no reset:                 After no reset:                 WorkingSetSize = 4313088
End: End: WorkingSetSize = 4313088
Start: Start: WorkingSetSize = 4313088
Before read:                    Before read:                    WorkingSetSize = 4313088
After read/befor loops:         After read/befor loops:         WorkingSetSize = 4313088
Inside loop:                    Inside loop:                    WorkingSetSize = 4313088
Inside loop:                    Inside loop:                    WorkingSetSize = 4313088
Inside loop:                    Inside loop:                    WorkingSetSize = 4313088
Inside loop:                    Inside loop:                    WorkingSetSize = 4313088
Inside loop:                    Inside loop:                    WorkingSetSize = 4313088
Inside loop:                    Inside loop:                    WorkingSetSize = 4313088
Inside loop:                    Inside loop:                    WorkingSetSize = 4313088
Inside loop:                    Inside loop:                    WorkingSetSize = 4313088
Inside loop:                    Inside loop:                    WorkingSetSize = 4313088
Inside loop:                    Inside loop:                    WorkingSetSize = 4313088
Inside loop:                    Inside loop:                    WorkingSetSize = 4313088
Inside loop:                    Inside loop:                    WorkingSetSize = 4313088
Inside loop:                    Inside loop:                    WorkingSetSize = 4313088
Inside loop:                    Inside loop:                    WorkingSetSize = 4313088
Inside loop:                    Inside loop:                    WorkingSetSize = 4313088
Inside loop:                    Inside loop:                    WorkingSetSize = 4313088
Inside loop:                    Inside loop:                    WorkingSetSize = 4313088
Inside loop:                    Inside loop:                    WorkingSetSize = 4313088
Inside loop:                    Inside loop:                    WorkingSetSize = 4313088
Inside loop:                    Inside loop:                    WorkingSetSize = 4313088
After loops:                    After loops:                    WorkingSetSize = 4313088
After no reset:                 After no reset:                 WorkingSetSize = 4313088
End: End: WorkingSetSize = 4313088
Start: Start: WorkingSetSize = 3588096
            WorkingSetSize = 4177920
            WorkingSetSize = 4362240
            WorkingSetSize = 4378624
            WorkingSetSize = 4386816
            WorkingSetSize = 4386816
            WorkingSetSize = 4366336
            WorkingSetSize = 4362240
            WorkingSetSize = 4362240
            WorkingSetSize = 4386816
            WorkingSetSize = 4382720
            WorkingSetSize = 4366336
            WorkingSetSize = 4366336
            WorkingSetSize = 4366336
            WorkingSetSize = 4386816
            WorkingSetSize = 4362240
            WorkingSetSize = 4366336
            WorkingSetSize = 4386816
            WorkingSetSize = 4366336
            WorkingSetSize = 4362240
            WorkingSetSize = 4362240
oop:                    WorkingSetSize = 4386816
Inside loop:                    Inside loop:                    WorkingSetSize = 4382720
Inside loop:                    Inside loop:                    WorkingSetSize = 4366336
Inside loop:                    Inside loop:                    WorkingSetSize = 4366336
Inside loop:                    Inside loop:                    WorkingSetSize = 4366336
Inside loop:                    Inside loop:                    WorkingSetSize = 4386816
Inside loop:                    Inside loop:                    WorkingSetSize = 4362240
Inside loop:                    Inside loop:                    WorkingSetSize = 4366336
Inside loop:                    Inside loop:                    WorkingSetSize = 4386816
Inside loop:                    Inside loop:                    WorkingSetSize = 4366336
Inside loop:                    Inside loop:                    WorkingSetSize = 4362240
Inside loop:                    Inside loop:                    WorkingSetSize = 4362240
After loops:                    After loops:                    WorkingSetSize = 4366336
After no reset:                 After no reset:                 WorkingSetSize = 4366336
End: End: WorkingSetSize = 4366336
Start: Start: WorkingSetSize = 3575808
            WorkingSetSize = 4177920
            WorkingSetSize = 4362240
            WorkingSetSize = 4378624
            WorkingSetSize = 4386816
            WorkingSetSize = 4386816
            WorkingSetSize = 4366336
            WorkingSetSize = 4362240
            WorkingSetSize = 4362240
            WorkingSetSize = 4386816
            WorkingSetSize = 4382720
            WorkingSetSize = 4366336
            WorkingSetSize = 4366336
            WorkingSetSize = 4366336
            WorkingSetSize = 4386816
            WorkingSetSize = 4362240
            WorkingSetSize = 4366336
            WorkingSetSize = 4386816
            WorkingSetSize = 4366336
            WorkingSetSize = 4362240
            WorkingSetSize = 4362240
oop:                    WorkingSetSize = 4386816
Inside loop:                    Inside loop:                    WorkingSetSize = 4382720
Inside loop:                    Inside loop:                    WorkingSetSize = 4366336
Inside loop:                    Inside loop:                    WorkingSetSize = 4366336
Inside loop:                    Inside loop:                    WorkingSetSize = 4366336
Inside loop:                    Inside loop:                    WorkingSetSize = 4386816
Inside loop:                    Inside loop:                    WorkingSetSize = 4362240
Inside loop:                    Inside loop:                    WorkingSetSize = 4366336
Inside loop:                    Inside loop:                    WorkingSetSize = 4386816
Inside loop:                    Inside loop:                    WorkingSetSize = 4366336
Inside loop:                    Inside loop:                    WorkingSetSize = 4362240
Inside loop:                    Inside loop:                    WorkingSetSize = 4362240
After loops:                    After loops:                    WorkingSetSize = 4366336
After no reset:                 After no reset:                 WorkingSetSize = 4366336
End: End: WorkingSetSize = 4370432
Start: Start: WorkingSetSize = 3596288
            WorkingSetSize = 4272128
            WorkingSetSize = 4329472
            WorkingSetSize = 4329472
            WorkingSetSize = 4329472
            WorkingSetSize = 4329472
            WorkingSetSize = 4329472
            WorkingSetSize = 4329472
            WorkingSetSize = 4329472
            WorkingSetSize = 4329472
            WorkingSetSize = 4329472
            WorkingSetSize = 4329472
            WorkingSetSize = 4329472
            WorkingSetSize = 4333568
            WorkingSetSize = 4333568
            WorkingSetSize = 4333568
            WorkingSetSize = 4333568
            WorkingSetSize = 4333568
            WorkingSetSize = 4333568
            WorkingSetSize = 4333568
            WorkingSetSize = 4333568
oop:                    WorkingSetSize = 4329472
Inside loop:                    Inside loop:                    WorkingSetSize = 4329472
Inside loop:                    Inside loop:                    WorkingSetSize = 4329472
Inside loop:                    Inside loop:                    WorkingSetSize = 4329472
Inside loop:                    Inside loop:                    WorkingSetSize = 4333568
Inside loop:                    Inside loop:                    WorkingSetSize = 4333568
Inside loop:                    Inside loop:                    WorkingSetSize = 4333568
Inside loop:                    Inside loop:                    WorkingSetSize = 4333568
Inside loop:                    Inside loop:                    WorkingSetSize = 4333568
Inside loop:                    Inside loop:                    WorkingSetSize = 4333568
Inside loop:                    Inside loop:                    WorkingSetSize = 4333568
Inside loop:                    Inside loop:                    WorkingSetSize = 4333568
After loops:                    After loops:                    WorkingSetSize = 4337664
After no reset:                 After no reset:                 WorkingSetSize = 4337664
End: End: WorkingSetSize = 4337664
Start: Start: WorkingSetSize = 3592192
